{"/Users/patryk/Workspace/workshops/stretto3/str3app/src/components/Generator/Generator.tsx": {"path":"/Users/patryk/Workspace/workshops/stretto3/str3app/src/components/Generator/Generator.tsx","statementMap":{"0":{"start":{"line":1,"column":0},"end":{"line":1,"column":33}},"1":{"start":{"line":2,"column":0},"end":{"line":2,"column":36}},"2":{"start":{"line":3,"column":0},"end":{"line":3,"column":34}},"3":{"start":{"line":5,"column":25},"end":{"line":24,"column":1}},"4":{"start":{"line":6,"column":22},"end":{"line":6,"column":40}},"5":{"start":{"line":11,"column":22},"end":{"line":14,"column":3}},"6":{"start":{"line":13,"column":4},"end":{"line":13,"column":20}},"7":{"start":{"line":18,"column":2},"end":{"line":23,"column":4}},"8":{"start":{"line":5,"column":13},"end":{"line":5,"column":25}}},"fnMap":{"0":{"name":"(anonymous_0)","decl":{"start":{"line":5,"column":25},"end":{"line":5,"column":28}},"loc":{"start":{"line":5,"column":30},"end":{"line":24,"column":1}}},"1":{"name":"(anonymous_1)","decl":{"start":{"line":11,"column":22},"end":{"line":11,"column":25}},"loc":{"start":{"line":11,"column":27},"end":{"line":14,"column":3}}}},"branchMap":{},"s":{"0":1,"1":1,"2":1,"3":1,"4":2,"5":2,"6":1,"7":2,"8":1},"f":{"0":2,"1":1},"b":{}}
,"/Users/patryk/Workspace/workshops/stretto3/str3app/src/components/Generator/index.ts": {"path":"/Users/patryk/Workspace/workshops/stretto3/str3app/src/components/Generator/index.ts","statementMap":{"0":{"start":{"line":1,"column":0},"end":{"line":1,"column":9}},"1":{"start":{"line":1,"column":9},"end":{"line":1,"column":40}}},"fnMap":{"0":{"name":"(anonymous_0)","decl":{"start":{"line":1,"column":9},"end":{"line":1,"column":18}},"loc":{"start":{"line":1,"column":9},"end":{"line":1,"column":40}}}},"branchMap":{},"s":{"0":1,"1":2},"f":{"0":1},"b":{}}
,"/Users/patryk/Workspace/workshops/stretto3/str3app/src/ui/index.ts": {"path":"/Users/patryk/Workspace/workshops/stretto3/str3app/src/ui/index.ts","statementMap":{"0":{"start":{"line":1,"column":0},"end":{"line":1,"column":23}},"1":{"start":{"line":2,"column":0},"end":{"line":2,"column":25}},"2":{"start":{"line":3,"column":0},"end":{"line":3,"column":24}}},"fnMap":{},"branchMap":{},"s":{"0":1,"1":1,"2":1},"f":{},"b":{}}
,"/Users/patryk/Workspace/workshops/stretto3/str3app/src/ui/Button/Button.tsx": {"path":"/Users/patryk/Workspace/workshops/stretto3/str3app/src/ui/Button/Button.tsx","statementMap":{"0":{"start":{"line":11,"column":16},"end":{"line":17,"column":2}},"1":{"start":{"line":27,"column":22},"end":{"line":43,"column":1}},"2":{"start":{"line":33,"column":17},"end":{"line":36,"column":4}},"3":{"start":{"line":38,"column":2},"end":{"line":42,"column":4}},"4":{"start":{"line":27,"column":13},"end":{"line":27,"column":22}}},"fnMap":{"0":{"name":"(anonymous_0)","decl":{"start":{"line":27,"column":22},"end":{"line":27,"column":23}},"loc":{"start":{"line":32,"column":12},"end":{"line":43,"column":1}}}},"branchMap":{"0":{"loc":{"start":{"line":29,"column":2},"end":{"line":29,"column":18}},"type":"default-arg","locations":[{"start":{"line":29,"column":10},"end":{"line":29,"column":18}}]},"1":{"loc":{"start":{"line":30,"column":2},"end":{"line":30,"column":27}},"type":"default-arg","locations":[{"start":{"line":30,"column":12},"end":{"line":30,"column":27}}]}},"s":{"0":2,"1":2,"2":4,"3":4,"4":2},"f":{"0":4},"b":{"0":[4],"1":[4]}}
,"/Users/patryk/Workspace/workshops/stretto3/str3app/src/ui/Button/index.ts": {"path":"/Users/patryk/Workspace/workshops/stretto3/str3app/src/ui/Button/index.ts","statementMap":{"0":{"start":{"line":1,"column":0},"end":{"line":1,"column":9}},"1":{"start":{"line":1,"column":9},"end":{"line":1,"column":34}}},"fnMap":{"0":{"name":"(anonymous_0)","decl":{"start":{"line":1,"column":9},"end":{"line":1,"column":15}},"loc":{"start":{"line":1,"column":9},"end":{"line":1,"column":34}}}},"branchMap":{},"s":{"0":2,"1":6},"f":{"0":4},"b":{}}
,"/Users/patryk/Workspace/workshops/stretto3/str3app/src/ui/Input/Input.tsx": {"path":"/Users/patryk/Workspace/workshops/stretto3/str3app/src/ui/Input/Input.tsx","statementMap":{"0":{"start":{"line":1,"column":0},"end":{"line":1,"column":null}},"1":{"start":{"line":12,"column":13},"end":{"line":30,"column":2}},"2":{"start":{"line":14,"column":15},"end":{"line":14,"column":22}},"3":{"start":{"line":16,"column":4},"end":{"line":28,"column":6}},"4":{"start":{"line":33,"column":0},"end":{"line":33,"column":40}}},"fnMap":{"0":{"name":"(anonymous_0)","decl":{"start":{"line":13,"column":2},"end":{"line":13,"column":3}},"loc":{"start":{"line":13,"column":69},"end":{"line":29,"column":3}}}},"branchMap":{},"s":{"0":2,"1":2,"2":1,"3":1,"4":2},"f":{"0":1},"b":{}}
,"/Users/patryk/Workspace/workshops/stretto3/str3app/src/ui/Input/index.ts": {"path":"/Users/patryk/Workspace/workshops/stretto3/str3app/src/ui/Input/index.ts","statementMap":{"0":{"start":{"line":1,"column":0},"end":{"line":1,"column":9}},"1":{"start":{"line":1,"column":9},"end":{"line":1,"column":32}}},"fnMap":{"0":{"name":"(anonymous_0)","decl":{"start":{"line":1,"column":9},"end":{"line":1,"column":14}},"loc":{"start":{"line":1,"column":9},"end":{"line":1,"column":32}}}},"branchMap":{},"s":{"0":2,"1":3},"f":{"0":1},"b":{}}
,"/Users/patryk/Workspace/workshops/stretto3/str3app/src/ui/Text/Text.tsx": {"path":"/Users/patryk/Workspace/workshops/stretto3/str3app/src/ui/Text/Text.tsx","statementMap":{"0":{"start":{"line":6,"column":20},"end":{"line":8,"column":1}},"1":{"start":{"line":7,"column":2},"end":{"line":7,"column":27}},"2":{"start":{"line":6,"column":13},"end":{"line":6,"column":20}}},"fnMap":{"0":{"name":"(anonymous_0)","decl":{"start":{"line":6,"column":20},"end":{"line":6,"column":21}},"loc":{"start":{"line":6,"column":44},"end":{"line":8,"column":1}}}},"branchMap":{},"s":{"0":1,"1":0,"2":1},"f":{"0":0},"b":{}}
,"/Users/patryk/Workspace/workshops/stretto3/str3app/src/ui/Text/index.ts": {"path":"/Users/patryk/Workspace/workshops/stretto3/str3app/src/ui/Text/index.ts","statementMap":{"0":{"start":{"line":1,"column":0},"end":{"line":1,"column":9}},"1":{"start":{"line":1,"column":9},"end":{"line":1,"column":30}}},"fnMap":{"0":{"name":"(anonymous_0)","decl":{"start":{"line":1,"column":9},"end":{"line":1,"column":13}},"loc":{"start":{"line":1,"column":9},"end":{"line":1,"column":30}}}},"branchMap":{},"s":{"0":1,"1":1},"f":{"0":0},"b":{}}
}
