TN:
SF:src/components/Generator/Generator.tsx
FN:5,(anonymous_0)
FN:11,(anonymous_1)
FNF:2
FNH:2
FNDA:2,(anonymous_0)
FNDA:1,(anonymous_1)
DA:1,1
DA:2,1
DA:3,1
DA:5,1
DA:6,2
DA:11,2
DA:13,1
DA:18,2
LF:8
LH:8
BRF:0
BRH:0
end_of_record
TN:
SF:src/components/Generator/index.ts
FN:1,(anonymous_0)
FNF:1
FNH:1
FNDA:1,(anonymous_0)
DA:1,2
LF:1
LH:1
BRF:0
BRH:0
end_of_record
TN:
SF:src/ui/index.ts
FNF:0
FNH:0
DA:1,1
DA:2,1
DA:3,1
LF:3
LH:3
BRF:0
BRH:0
end_of_record
TN:
SF:src/ui/Button/Button.tsx
FN:27,(anonymous_0)
FNF:1
FNH:1
FNDA:4,(anonymous_0)
DA:11,2
DA:27,2
DA:33,4
DA:38,4
LF:4
LH:4
BRDA:29,0,0,4
BRDA:30,1,0,4
BRF:2
BRH:2
end_of_record
TN:
SF:src/ui/Button/index.ts
FN:1,(anonymous_0)
FNF:1
FNH:1
FNDA:4,(anonymous_0)
DA:1,6
LF:1
LH:1
BRF:0
BRH:0
end_of_record
TN:
SF:src/ui/Input/Input.tsx
FN:13,(anonymous_0)
FNF:1
FNH:1
FNDA:1,(anonymous_0)
DA:1,2
DA:12,2
DA:14,1
DA:16,1
DA:33,2
LF:5
LH:5
BRF:0
BRH:0
end_of_record
TN:
SF:src/ui/Input/index.ts
FN:1,(anonymous_0)
FNF:1
FNH:1
FNDA:1,(anonymous_0)
DA:1,3
LF:1
LH:1
BRF:0
BRH:0
end_of_record
TN:
SF:src/ui/Text/Text.tsx
FN:6,(anonymous_0)
FNF:1
FNH:0
FNDA:0,(anonymous_0)
DA:6,1
DA:7,0
LF:2
LH:1
BRF:0
BRH:0
end_of_record
TN:
SF:src/ui/Text/index.ts
FN:1,(anonymous_0)
FNF:1
FNH:0
FNDA:0,(anonymous_0)
DA:1,1
LF:1
LH:1
BRF:0
BRH:0
end_of_record
